<?xml version="1.0" encoding="UTF-8"?>
<!-- Generated by org.testng.reporters.JUnitReportReporter -->
<testsuite hostname="Rishabh" failures="0" tests="6" name="testcases.Program" time="24.588" errors="0" timestamp="2024-07-10T03:02:31 IST" skipped="0">
  <testcase classname="testcases.Program" name="login" time="13.494"/>
  <system-out/>
  <testcase classname="testcases.Program" name="createFreeProgram" time="5.198"/>
  <system-out/>
  <testcase classname="testcases.Program" name="addUserInProgram" time="2.883"/>
  <system-out/>
  <testcase classname="testcases.Program" name="deleteUserInProgram" time="0.500"/>
  <system-out/>
  <testcase classname="testcases.Program" name="permission" time="1.552"/>
  <system-out/>
  <testcase classname="testcases.Program" name="addHashtags" time="0.961"/>
  <system-out/>
</testsuite> <!-- testcases.Program -->
