<?xml version="1.0" encoding="UTF-8"?>
<!-- Generated by org.testng.reporters.JUnitReportReporter -->
<testsuite hostname="Rishabh" failures="0" tests="1" name="testcases.Login" time="19.053" errors="0" timestamp="2024-07-06T02:06:15 IST" skipped="0">
  <testcase classname="testcases.Login" name="login" time="19.053"/>
  <system-out/>
</testsuite> <!-- testcases.Login -->
