<?xml version="1.0" encoding="UTF-8"?>
<!-- Generated by org.testng.reporters.JUnitReportReporter -->
<testsuite hostname="Rishabh" failures="0" tests="2" name="testcases.Program" time="20.819" errors="0" timestamp="2024-07-06T04:02:22 IST" skipped="0">
  <testcase classname="testcases.Program" name="login" time="13.887"/>
  <system-out/>
  <testcase classname="testcases.Program" name="createFreeProgram" time="6.932"/>
  <system-out/>
</testsuite> <!-- testcases.Program -->
