<?xml version="1.0" encoding="UTF-8"?>
<!-- Generated by org.testng.reporters.JUnitReportReporter -->
<testsuite hostname="rishb-singh" failures="0" tests="7" name="testcases.Program" time="47.219" errors="0" timestamp="2025-05-07T18:37:16 IST" skipped="0">
  <testcase classname="testcases.Program" name="Login" time="15.483"/>
  <system-out/>
  <testcase classname="testcases.Program" name="CreateFreeProgram" time="13.318"/>
  <system-out/>
  <testcase classname="testcases.Program" name="AddUserInProgram" time="7.909"/>
  <system-out/>
  <testcase classname="testcases.Program" name="DeleteUserInProgram" time="1.864"/>
  <system-out/>
  <testcase classname="testcases.Program" name="AddHashtags" time="2.962"/>
  <system-out/>
  <testcase classname="testcases.Program" name="GeneralSection" time="2.602"/>
  <system-out/>
  <testcase classname="testcases.Program" name="DeleteProgram" time="3.081"/>
  <system-out/>
</testsuite> <!-- testcases.Program -->
