<?xml version="1.0" encoding="UTF-8"?>
<!-- Generated by org.testng.reporters.JUnitReportReporter -->
<testsuite hostname="Rishabh" failures="0" tests="1" name="testcases.Login" time="14.536" errors="0" timestamp="2024-07-12T00:59:53 IST" skipped="0">
  <testcase classname="testcases.Login" name="login" time="14.536"/>
  <system-out/>
</testsuite> <!-- testcases.Login -->
