<?xml version="1.0" encoding="UTF-8"?>
<!-- Generated by org.testng.reporters.JUnitReportReporter -->
<testsuite hostname="Rishabh" failures="0" tests="2" name="testcases.Program" time="18.161" errors="0" timestamp="2024-07-06T18:34:17 IST" skipped="0">
  <testcase classname="testcases.Program" name="login" time="15.680"/>
  <system-out/>
  <testcase classname="testcases.Program" name="createFreeProgram" time="2.481"/>
  <system-out/>
</testsuite> <!-- testcases.Program -->
