<?xml version="1.0" encoding="UTF-8"?>
<!-- Generated by org.testng.reporters.JUnitReportReporter -->
<testsuite hostname="Rishabh" failures="0" tests="1" name="testcases.Program" time="21.123" errors="0" timestamp="2024-07-05T23:03:30 IST" skipped="0">
  <testcase classname="testcases.Program" name="login" time="21.123"/>
  <system-out/>
</testsuite> <!-- testcases.Program -->
