<?xml version="1.0" encoding="UTF-8"?>
<!-- Generated by org.testng.reporters.JUnitReportReporter -->
<testsuite hostname="Rishabh" failures="0" tests="8" name="testcases.Program" time="36.736" errors="0" timestamp="2024-07-13T00:31:12 IST" skipped="0">
  <testcase classname="testcases.Program" name="login" time="15.947"/>
  <system-out/>
  <testcase classname="testcases.Program" name="createFreeProgram" time="6.549"/>
  <system-out/>
  <testcase classname="testcases.Program" name="addUserInProgram" time="3.418"/>
  <system-out/>
  <testcase classname="testcases.Program" name="deleteUserInProgram" time="0.252"/>
  <system-out/>
  <testcase classname="testcases.Program" name="permission" time="1.399"/>
  <system-out/>
  <testcase classname="testcases.Program" name="addHashtags" time="1.190"/>
  <system-out/>
  <testcase classname="testcases.Program" name="GeneralSection" time="2.109"/>
  <system-out/>
  <testcase classname="testcases.Program" name="DeleteProgram" time="5.872"/>
  <system-out/>
</testsuite> <!-- testcases.Program -->
