<?xml version="1.0" encoding="UTF-8"?>
<!-- Generated by org.testng.reporters.JUnitReportReporter -->
<testsuite hostname="Rishabh" failures="0" tests="1" name="testcases.Login" time="22.273" errors="0" timestamp="2024-07-05T21:44:43 IST" skipped="0">
  <testcase classname="testcases.Login" name="login" time="22.273"/>
  <system-out/>
</testsuite> <!-- testcases.Login -->
