<?xml version="1.0" encoding="UTF-8"?>
<!-- Generated by org.testng.reporters.JUnitReportReporter -->
<testsuite hostname="Anand" failures="0" tests="1" name="pageObjects.HomePage" time="6.731" errors="0" timestamp="2024-07-02T01:52:18 IST" skipped="0">
  <testcase classname="pageObjects.HomePage" name="luanchApp" time="6.731"/>
</testsuite> <!-- pageObjects.HomePage -->
