<?xml version="1.0" encoding="UTF-8"?>
<!-- Generated by org.testng.reporters.JUnitReportReporter -->
<testsuite hostname="Rishabh" failures="0" tests="1" name="testcases.Login" time="12.195" errors="0" timestamp="2024-07-08T18:39:31 IST" skipped="0">
  <testcase classname="testcases.Login" name="login" time="12.195"/>
  <system-out/>
</testsuite> <!-- testcases.Login -->
