<?xml version="1.0" encoding="UTF-8"?>
<!-- Generated by org.testng.reporters.JUnitReportReporter -->
<testsuite hostname="Rishabh" failures="0" tests="1" name="testcases.Sheet" time="7.706" errors="0" timestamp="2024-07-05T23:49:05 IST" skipped="0">
  <testcase classname="testcases.Sheet" name="readingSheet" time="7.706"/>
  <system-out/>
</testsuite> <!-- testcases.Sheet -->
