<?xml version="1.0" encoding="UTF-8"?>
<!-- Generated by org.testng.reporters.JUnitReportReporter -->
<testsuite hostname="Rishabh" failures="0" tests="1" name="testcases.Login" time="12.316" errors="0" timestamp="2024-07-06T18:59:35 IST" skipped="0">
  <testcase classname="testcases.Login" name="login" time="12.316"/>
  <system-out/>
</testsuite> <!-- testcases.Login -->
