<?xml version="1.0" encoding="UTF-8"?>
<!-- Generated by org.testng.reporters.JUnitReportReporter -->
<testsuite hostname="Rishabh" failures="0" tests="2" name="testcases.Program" time="19.136" errors="0" timestamp="2024-07-07T02:33:09 IST" skipped="0">
  <testcase classname="testcases.Program" name="login" time="14.469"/>
  <system-out/>
  <testcase classname="testcases.Program" name="createFreeProgram" time="4.667"/>
  <system-out/>
</testsuite> <!-- testcases.Program -->
