<?xml version="1.0" encoding="UTF-8"?>
<!-- Generated by org.testng.reporters.JUnitReportReporter -->
<testsuite hostname="Rishabh" failures="0" tests="1" name="testcases.Login" time="20.303" errors="0" timestamp="2024-07-05T22:36:10 IST" skipped="0">
  <testcase classname="testcases.Login" name="login" time="20.303"/>
  <system-out/>
</testsuite> <!-- testcases.Login -->
