<?xml version="1.0" encoding="UTF-8"?>
<!-- Generated by org.testng.reporters.JUnitReportReporter -->
<testsuite hostname="Rishabh" failures="0" tests="2" name="testcases.Program" time="18.589" errors="0" timestamp="2024-07-06T22:57:08 IST" skipped="0">
  <testcase classname="testcases.Program" name="login" time="16.161"/>
  <system-out/>
  <testcase classname="testcases.Program" name="createFreeProgram" time="2.428"/>
  <system-out/>
</testsuite> <!-- testcases.Program -->
