<?xml version="1.0" encoding="UTF-8"?>
<!-- Generated by org.testng.reporters.JUnitReportReporter -->
<testsuite hostname="Rishabh" failures="0" tests="1" name="testcases.Login" time="11.471" errors="0" timestamp="2024-07-07T01:02:25 IST" skipped="0">
  <testcase classname="testcases.Login" name="login" time="11.471"/>
  <system-out/>
</testsuite> <!-- testcases.Login -->
