<?xml version="1.0" encoding="UTF-8"?>
<!-- Generated by org.testng.reporters.JUnitReportReporter -->
<testsuite hostname="Anand" failures="0" tests="1" name="base.BaseClass" time="9.182" errors="0" timestamp="2024-07-02T01:23:55 IST" skipped="0">
  <testcase classname="base.BaseClass" name="luanchApp" time="9.182"/>
</testsuite> <!-- base.BaseClass -->
