<?xml version="1.0" encoding="UTF-8"?>
<!-- Generated by org.testng.reporters.JUnitReportReporter -->
<testsuite hostname="Rishabh" failures="0" tests="1" name="testcases.Sheet" time="12.874" errors="0" timestamp="2024-07-06T01:54:42 IST" skipped="0">
  <testcase classname="testcases.Sheet" name="checkSheet" time="12.874"/>
  <system-out/>
</testsuite> <!-- testcases.Sheet -->
